This is pdfTeX, Version 3.141592653-2.6-1.40.26 (MiKTeX 24.3) (preloaded format=pdflatex 2024.4.2)  28 JUN 2024 13:00
entering extended mode
 restricted \write18 enabled.
 file:line:error style messages enabled.
 %&-line parsing enabled.
**"c:/Users/sandr/OneDrive/Desktop/Git/SS24/WIA/WIA/Richtiges Template/Conference-LaTeX-template_10-17-19/conference_101719.tex"
(c:/Users/sandr/OneDrive/Desktop/Git/SS24/WIA/WIA/Richtiges Template/Conference-LaTeX-template_10-17-19/conference_101719.tex
LaTeX2e <2023-11-01> patch level 1
L3 programming layer <2024-03-14>
(IEEEtran.cls
Document Class: IEEEtran 2015/08/26 V1.8b by Michael Shell
-- See the "IEEEtran_HOWTO" manual for usage information.
-- http://www.michaelshell.org/tex/ieeetran/
\@IEEEtrantmpdimenA=\dimen140
\@IEEEtrantmpdimenB=\dimen141
\@IEEEtrantmpdimenC=\dimen142
\@IEEEtrantmpcountA=\count188
\@IEEEtrantmpcountB=\count189
\@IEEEtrantmpcountC=\count190
\@IEEEtrantmptoksA=\toks17
LaTeX Font Info:    Trying to load font information for OT1+ptm on input line 503.
(C:\Users\sandr\AppData\Local\Programs\MiKTeX\tex/latex/psnfss\ot1ptm.fd
File: ot1ptm.fd 2001/06/04 font definitions for OT1/ptm.
)
-- Using 8.5in x 11in (letter) paper.
-- Using PDF output.
\@IEEEnormalsizeunitybaselineskip=\dimen143
-- This is a 10 point document.
\CLASSINFOnormalsizebaselineskip=\dimen144
\CLASSINFOnormalsizeunitybaselineskip=\dimen145
\IEEEnormaljot=\dimen146
LaTeX Font Info:    Font shape `OT1/ptm/bx/n' in size <5> not available
(Font)              Font shape `OT1/ptm/b/n' tried instead on input line 1090.
LaTeX Font Info:    Font shape `OT1/ptm/bx/it' in size <5> not available
(Font)              Font shape `OT1/ptm/b/it' tried instead on input line 1090.
LaTeX Font Info:    Font shape `OT1/ptm/bx/n' in size <7> not available
(Font)              Font shape `OT1/ptm/b/n' tried instead on input line 1090.
LaTeX Font Info:    Font shape `OT1/ptm/bx/it' in size <7> not available
(Font)              Font shape `OT1/ptm/b/it' tried instead on input line 1090.
LaTeX Font Info:    Font shape `OT1/ptm/bx/n' in size <8> not available
(Font)              Font shape `OT1/ptm/b/n' tried instead on input line 1090.
LaTeX Font Info:    Font shape `OT1/ptm/bx/it' in size <8> not available
(Font)              Font shape `OT1/ptm/b/it' tried instead on input line 1090.
LaTeX Font Info:    Font shape `OT1/ptm/bx/n' in size <9> not available
(Font)              Font shape `OT1/ptm/b/n' tried instead on input line 1090.
LaTeX Font Info:    Font shape `OT1/ptm/bx/it' in size <9> not available
(Font)              Font shape `OT1/ptm/b/it' tried instead on input line 1090.
LaTeX Font Info:    Font shape `OT1/ptm/bx/n' in size <10> not available
(Font)              Font shape `OT1/ptm/b/n' tried instead on input line 1090.
LaTeX Font Info:    Font shape `OT1/ptm/bx/it' in size <10> not available
(Font)              Font shape `OT1/ptm/b/it' tried instead on input line 1090.
LaTeX Font Info:    Font shape `OT1/ptm/bx/n' in size <11> not available
(Font)              Font shape `OT1/ptm/b/n' tried instead on input line 1090.
LaTeX Font Info:    Font shape `OT1/ptm/bx/it' in size <11> not available
(Font)              Font shape `OT1/ptm/b/it' tried instead on input line 1090.
LaTeX Font Info:    Font shape `OT1/ptm/bx/n' in size <12> not available
(Font)              Font shape `OT1/ptm/b/n' tried instead on input line 1090.
LaTeX Font Info:    Font shape `OT1/ptm/bx/it' in size <12> not available
(Font)              Font shape `OT1/ptm/b/it' tried instead on input line 1090.
LaTeX Font Info:    Font shape `OT1/ptm/bx/n' in size <17> not available
(Font)              Font shape `OT1/ptm/b/n' tried instead on input line 1090.
LaTeX Font Info:    Font shape `OT1/ptm/bx/it' in size <17> not available
(Font)              Font shape `OT1/ptm/b/it' tried instead on input line 1090.
LaTeX Font Info:    Font shape `OT1/ptm/bx/n' in size <20> not available
(Font)              Font shape `OT1/ptm/b/n' tried instead on input line 1090.
LaTeX Font Info:    Font shape `OT1/ptm/bx/it' in size <20> not available
(Font)              Font shape `OT1/ptm/b/it' tried instead on input line 1090.
LaTeX Font Info:    Font shape `OT1/ptm/bx/n' in size <24> not available
(Font)              Font shape `OT1/ptm/b/n' tried instead on input line 1090.
LaTeX Font Info:    Font shape `OT1/ptm/bx/it' in size <24> not available
(Font)              Font shape `OT1/ptm/b/it' tried instead on input line 1090.
\IEEEquantizedlength=\dimen147
\IEEEquantizedlengthdiff=\dimen148
\IEEEquantizedtextheightdiff=\dimen149
\IEEEilabelindentA=\dimen150
\IEEEilabelindentB=\dimen151
\IEEEilabelindent=\dimen152
\IEEEelabelindent=\dimen153
\IEEEdlabelindent=\dimen154
\IEEElabelindent=\dimen155
\IEEEiednormlabelsep=\dimen156
\IEEEiedmathlabelsep=\dimen157
\IEEEiedtopsep=\skip48
\c@section=\count191
\c@subsection=\count192
\c@subsubsection=\count193
\c@paragraph=\count194
\c@IEEEsubequation=\count195
\abovecaptionskip=\skip49
\belowcaptionskip=\skip50
\c@figure=\count196
\c@table=\count197
\@IEEEeqnnumcols=\count198
\@IEEEeqncolcnt=\count199
\@IEEEsubeqnnumrollback=\count266
\@IEEEquantizeheightA=\dimen158
\@IEEEquantizeheightB=\dimen159
\@IEEEquantizeheightC=\dimen160
\@IEEEquantizeprevdepth=\dimen161
\@IEEEquantizemultiple=\count267
\@IEEEquantizeboxA=\box51
\@IEEEtmpitemindent=\dimen162
\IEEEPARstartletwidth=\dimen163
\c@IEEEbiography=\count268
\@IEEEtranrubishbin=\box52
)
** ATTENTION: Overriding command lockouts (line 2).
(C:\Users\sandr\AppData\Local\Programs\MiKTeX\tex/latex/cite\cite.sty
LaTeX Info: Redefining \cite on input line 302.
LaTeX Info: Redefining \nocite on input line 332.
Package: cite 2015/02/27  v 5.5
) (C:\Users\sandr\AppData\Local\Programs\MiKTeX\tex/latex/amsmath\amsmath.sty
Package: amsmath 2023/05/13 v2.17o AMS math features
\@mathmargin=\skip51

For additional information on amsmath, use the `?' option.
(C:\Users\sandr\AppData\Local\Programs\MiKTeX\tex/latex/amsmath\amstext.sty
Package: amstext 2021/08/26 v2.01 AMS text
 (C:\Users\sandr\AppData\Local\Programs\MiKTeX\tex/latex/amsmath\amsgen.sty
File: amsgen.sty 1999/11/30 v2.0 generic functions
\@emptytoks=\toks18
\ex@=\dimen164
)) (C:\Users\sandr\AppData\Local\Programs\MiKTeX\tex/latex/amsmath\amsbsy.sty
Package: amsbsy 1999/11/29 v1.2d Bold Symbols
\pmbraise@=\dimen165
) (C:\Users\sandr\AppData\Local\Programs\MiKTeX\tex/latex/amsmath\amsopn.sty
Package: amsopn 2022/04/08 v2.04 operator names
)
\inf@bad=\count269
LaTeX Info: Redefining \frac on input line 234.
\uproot@=\count270
\leftroot@=\count271
LaTeX Info: Redefining \overline on input line 399.
LaTeX Info: Redefining \colon on input line 410.
\classnum@=\count272
\DOTSCASE@=\count273
LaTeX Info: Redefining \ldots on input line 496.
LaTeX Info: Redefining \dots on input line 499.
LaTeX Info: Redefining \cdots on input line 620.
\Mathstrutbox@=\box53
\strutbox@=\box54
LaTeX Info: Redefining \big on input line 722.
LaTeX Info: Redefining \Big on input line 723.
LaTeX Info: Redefining \bigg on input line 724.
LaTeX Info: Redefining \Bigg on input line 725.
\big@size=\dimen166
LaTeX Font Info:    Redeclaring font encoding OML on input line 743.
LaTeX Font Info:    Redeclaring font encoding OMS on input line 744.
\macc@depth=\count274
LaTeX Info: Redefining \bmod on input line 905.
LaTeX Info: Redefining \pmod on input line 910.
LaTeX Info: Redefining \smash on input line 940.
LaTeX Info: Redefining \relbar on input line 970.
LaTeX Info: Redefining \Relbar on input line 971.
\c@MaxMatrixCols=\count275
\dotsspace@=\muskip16
\c@parentequation=\count276
\dspbrk@lvl=\count277
\tag@help=\toks19
\row@=\count278
\column@=\count279
\maxfields@=\count280
\andhelp@=\toks20
\eqnshift@=\dimen167
\alignsep@=\dimen168
\tagshift@=\dimen169
\tagwidth@=\dimen170
\totwidth@=\dimen171
\lineht@=\dimen172
\@envbody=\toks21
\multlinegap=\skip52
\multlinetaggap=\skip53
\mathdisplay@stack=\toks22
LaTeX Info: Redefining \[ on input line 2953.
LaTeX Info: Redefining \] on input line 2954.
) (C:\Users\sandr\AppData\Local\Programs\MiKTeX\tex/latex/amsfonts\amssymb.sty
Package: amssymb 2013/01/14 v3.01 AMS font symbols
 (C:\Users\sandr\AppData\Local\Programs\MiKTeX\tex/latex/amsfonts\amsfonts.sty
Package: amsfonts 2013/01/14 v3.01 Basic AMSFonts support
\symAMSa=\mathgroup4
\symAMSb=\mathgroup5
LaTeX Font Info:    Redeclaring math symbol \hbar on input line 98.
LaTeX Font Info:    Overwriting math alphabet `\mathfrak' in version `bold'
(Font)                  U/euf/m/n --> U/euf/b/n on input line 106.
)) (C:\Users\sandr\AppData\Local\Programs\MiKTeX\tex/latex/algorithms\algorithmic.sty
Package: algorithmic 2009/08/24 v0.1 Document Style `algorithmic'
 (C:\Users\sandr\AppData\Local\Programs\MiKTeX\tex/latex/base\ifthen.sty
Package: ifthen 2022/04/13 v1.1d Standard LaTeX ifthen package (DPC)
) (C:\Users\sandr\AppData\Local\Programs\MiKTeX\tex/latex/graphics\keyval.sty
Package: keyval 2022/05/29 v1.15 key=value parser (DPC)
\KV@toks@=\toks23
)
\c@ALC@unique=\count281
\c@ALC@line=\count282
\c@ALC@rem=\count283
\c@ALC@depth=\count284
\ALC@tlm=\skip54
\algorithmicindent=\skip55
) (C:\Users\sandr\AppData\Local\Programs\MiKTeX\tex/latex/graphics\graphicx.sty
Package: graphicx 2021/09/16 v1.2d Enhanced LaTeX Graphics (DPC,SPQR)
 (C:\Users\sandr\AppData\Local\Programs\MiKTeX\tex/latex/graphics\graphics.sty
Package: graphics 2022/03/10 v1.4e Standard LaTeX Graphics (DPC,SPQR)
 (C:\Users\sandr\AppData\Local\Programs\MiKTeX\tex/latex/graphics\trig.sty
Package: trig 2021/08/11 v1.11 sin cos tan (DPC)
) (C:\Users\sandr\AppData\Local\Programs\MiKTeX\tex/latex/graphics-cfg\graphics.cfg
File: graphics.cfg 2016/06/04 v1.11 sample graphics configuration
)
Package graphics Info: Driver file: pdftex.def on input line 107.
 (C:\Users\sandr\AppData\Local\Programs\MiKTeX\tex/latex/graphics-def\pdftex.def
File: pdftex.def 2022/09/22 v1.2b Graphics/color driver for pdftex
))
\Gin@req@height=\dimen173
\Gin@req@width=\dimen174
) (C:\Users\sandr\AppData\Local\Programs\MiKTeX\tex/latex/base\textcomp.sty
Package: textcomp 2020/02/02 v2.0n Standard LaTeX package
) (C:\Users\sandr\AppData\Local\Programs\MiKTeX\tex/latex/xcolor\xcolor.sty
Package: xcolor 2023/11/15 v3.01 LaTeX color extensions (UK)
 (C:\Users\sandr\AppData\Local\Programs\MiKTeX\tex/latex/graphics-cfg\color.cfg
File: color.cfg 2016/01/02 v1.6 sample color configuration
)
Package xcolor Info: Driver file: pdftex.def on input line 274.
 (C:\Users\sandr\AppData\Local\Programs\MiKTeX\tex/latex/graphics\mathcolor.ltx)
Package xcolor Info: Model `cmy' substituted by `cmy0' on input line 1350.
Package xcolor Info: Model `hsb' substituted by `rgb' on input line 1354.
Package xcolor Info: Model `RGB' extended on input line 1366.
Package xcolor Info: Model `HTML' substituted by `rgb' on input line 1368.
Package xcolor Info: Model `Hsb' substituted by `hsb' on input line 1369.
Package xcolor Info: Model `tHsb' substituted by `hsb' on input line 1370.
Package xcolor Info: Model `HSB' substituted by `hsb' on input line 1371.
Package xcolor Info: Model `Gray' substituted by `gray' on input line 1372.
Package xcolor Info: Model `wave' substituted by `hsb' on input line 1373.
) (C:\Users\sandr\AppData\Local\Programs\MiKTeX\tex/latex/pgfplots\pgfplots.sty (C:\Users\sandr\AppData\Local\Programs\MiKTeX\tex/generic/pgfplots\pgfplots.revision.tex)
Package: pgfplots 2021/05/15 v1.18.1 Data Visualization (1.18.1)
 (C:\Users\sandr\AppData\Local\Programs\MiKTeX\tex/latex/pgf/frontendlayer\tikz.sty (C:\Users\sandr\AppData\Local\Programs\MiKTeX\tex/latex/pgf/basiclayer\pgf.sty (C:\Users\sandr\AppData\Local\Programs\MiKTeX\tex/latex/pgf/utilities\pgfrcs.sty (C:\Users\sandr\AppData\Local\Programs\MiKTeX\tex/generic/pgf/utilities\pgfutil-common.tex
\pgfutil@everybye=\toks24
\pgfutil@tempdima=\dimen175
\pgfutil@tempdimb=\dimen176
) (C:\Users\sandr\AppData\Local\Programs\MiKTeX\tex/generic/pgf/utilities\pgfutil-latex.def
\pgfutil@abb=\box55
) (C:\Users\sandr\AppData\Local\Programs\MiKTeX\tex/generic/pgf/utilities\pgfrcs.code.tex (C:\Users\sandr\AppData\Local\Programs\MiKTeX\tex/generic/pgf\pgf.revision.tex)
Package: pgfrcs 2023-01-15 v3.1.10 (3.1.10)
))
Package: pgf 2023-01-15 v3.1.10 (3.1.10)
 (C:\Users\sandr\AppData\Local\Programs\MiKTeX\tex/latex/pgf/basiclayer\pgfcore.sty (C:\Users\sandr\AppData\Local\Programs\MiKTeX\tex/latex/pgf/systemlayer\pgfsys.sty (C:\Users\sandr\AppData\Local\Programs\MiKTeX\tex/generic/pgf/systemlayer\pgfsys.code.tex
Package: pgfsys 2023-01-15 v3.1.10 (3.1.10)
 (C:\Users\sandr\AppData\Local\Programs\MiKTeX\tex/generic/pgf/utilities\pgfkeys.code.tex
\pgfkeys@pathtoks=\toks25
\pgfkeys@temptoks=\toks26
 (C:\Users\sandr\AppData\Local\Programs\MiKTeX\tex/generic/pgf/utilities\pgfkeyslibraryfiltered.code.tex
\pgfkeys@tmptoks=\toks27
))
\pgf@x=\dimen177
\pgf@y=\dimen178
\pgf@xa=\dimen179
\pgf@ya=\dimen180
\pgf@xb=\dimen181
\pgf@yb=\dimen182
\pgf@xc=\dimen183
\pgf@yc=\dimen184
\pgf@xd=\dimen185
\pgf@yd=\dimen186
\w@pgf@writea=\write3
\r@pgf@reada=\read2
\c@pgf@counta=\count285
\c@pgf@countb=\count286
\c@pgf@countc=\count287
\c@pgf@countd=\count288
\t@pgf@toka=\toks28
\t@pgf@tokb=\toks29
\t@pgf@tokc=\toks30
\pgf@sys@id@count=\count289
 (C:\Users\sandr\AppData\Local\Programs\MiKTeX\tex/generic/pgf/systemlayer\pgf.cfg
File: pgf.cfg 2023-01-15 v3.1.10 (3.1.10)
)
Driver file for pgf: pgfsys-pdftex.def
 (C:\Users\sandr\AppData\Local\Programs\MiKTeX\tex/generic/pgf/systemlayer\pgfsys-pdftex.def
File: pgfsys-pdftex.def 2023-01-15 v3.1.10 (3.1.10)
 (C:\Users\sandr\AppData\Local\Programs\MiKTeX\tex/generic/pgf/systemlayer\pgfsys-common-pdf.def
File: pgfsys-common-pdf.def 2023-01-15 v3.1.10 (3.1.10)
))) (C:\Users\sandr\AppData\Local\Programs\MiKTeX\tex/generic/pgf/systemlayer\pgfsyssoftpath.code.tex
File: pgfsyssoftpath.code.tex 2023-01-15 v3.1.10 (3.1.10)
\pgfsyssoftpath@smallbuffer@items=\count290
\pgfsyssoftpath@bigbuffer@items=\count291
) (C:\Users\sandr\AppData\Local\Programs\MiKTeX\tex/generic/pgf/systemlayer\pgfsysprotocol.code.tex
File: pgfsysprotocol.code.tex 2023-01-15 v3.1.10 (3.1.10)
)) (C:\Users\sandr\AppData\Local\Programs\MiKTeX\tex/generic/pgf/basiclayer\pgfcore.code.tex
Package: pgfcore 2023-01-15 v3.1.10 (3.1.10)
 (C:\Users\sandr\AppData\Local\Programs\MiKTeX\tex/generic/pgf/math\pgfmath.code.tex (C:\Users\sandr\AppData\Local\Programs\MiKTeX\tex/generic/pgf/math\pgfmathutil.code.tex) (C:\Users\sandr\AppData\Local\Programs\MiKTeX\tex/generic/pgf/math\pgfmathparser.code.tex
\pgfmath@dimen=\dimen187
\pgfmath@count=\count292
\pgfmath@box=\box56
\pgfmath@toks=\toks31
\pgfmath@stack@operand=\toks32
\pgfmath@stack@operation=\toks33
) (C:\Users\sandr\AppData\Local\Programs\MiKTeX\tex/generic/pgf/math\pgfmathfunctions.code.tex) (C:\Users\sandr\AppData\Local\Programs\MiKTeX\tex/generic/pgf/math\pgfmathfunctions.basic.code.tex) (C:\Users\sandr\AppData\Local\Programs\MiKTeX\tex/generic/pgf/math\pgfmathfunctions.trigonometric.code.tex) (C:\Users\sandr\AppData\Local\Programs\MiKTeX\tex/generic/pgf/math\pgfmathfunctions.random.code.tex) (C:\Users\sandr\AppData\Local\Programs\MiKTeX\tex/generic/pgf/math\pgfmathfunctions.comparison.code.tex) (C:\Users\sandr\AppData\Local\Programs\MiKTeX\tex/generic/pgf/math\pgfmathfunctions.base.code.tex) (C:\Users\sandr\AppData\Local\Programs\MiKTeX\tex/generic/pgf/math\pgfmathfunctions.round.code.tex) (C:\Users\sandr\AppData\Local\Programs\MiKTeX\tex/generic/pgf/math\pgfmathfunctions.misc.code.tex) (C:\Users\sandr\AppData\Local\Programs\MiKTeX\tex/generic/pgf/math\pgfmathfunctions.integerarithmetics.code.tex) (C:\Users\sandr\AppData\Local\Programs\MiKTeX\tex/generic/pgf/math\pgfmathcalc.code.tex) (C:\Users\sandr\AppData\Local\Programs\MiKTeX\tex/generic/pgf/math\pgfmathfloat.code.tex
\c@pgfmathroundto@lastzeros=\count293
)) (C:\Users\sandr\AppData\Local\Programs\MiKTeX\tex/generic/pgf/math\pgfint.code.tex) (C:\Users\sandr\AppData\Local\Programs\MiKTeX\tex/generic/pgf/basiclayer\pgfcorepoints.code.tex
File: pgfcorepoints.code.tex 2023-01-15 v3.1.10 (3.1.10)
\pgf@picminx=\dimen188
\pgf@picmaxx=\dimen189
\pgf@picminy=\dimen190
\pgf@picmaxy=\dimen191
\pgf@pathminx=\dimen192
\pgf@pathmaxx=\dimen193
\pgf@pathminy=\dimen194
\pgf@pathmaxy=\dimen195
\pgf@xx=\dimen196
\pgf@xy=\dimen197
\pgf@yx=\dimen198
\pgf@yy=\dimen199
\pgf@zx=\dimen256
\pgf@zy=\dimen257
) (C:\Users\sandr\AppData\Local\Programs\MiKTeX\tex/generic/pgf/basiclayer\pgfcorepathconstruct.code.tex
File: pgfcorepathconstruct.code.tex 2023-01-15 v3.1.10 (3.1.10)
\pgf@path@lastx=\dimen258
\pgf@path@lasty=\dimen259
) (C:\Users\sandr\AppData\Local\Programs\MiKTeX\tex/generic/pgf/basiclayer\pgfcorepathusage.code.tex
File: pgfcorepathusage.code.tex 2023-01-15 v3.1.10 (3.1.10)
\pgf@shorten@end@additional=\dimen260
\pgf@shorten@start@additional=\dimen261
) (C:\Users\sandr\AppData\Local\Programs\MiKTeX\tex/generic/pgf/basiclayer\pgfcorescopes.code.tex
File: pgfcorescopes.code.tex 2023-01-15 v3.1.10 (3.1.10)
\pgfpic=\box57
\pgf@hbox=\box58
\pgf@layerbox@main=\box59
\pgf@picture@serial@count=\count294
) (C:\Users\sandr\AppData\Local\Programs\MiKTeX\tex/generic/pgf/basiclayer\pgfcoregraphicstate.code.tex
File: pgfcoregraphicstate.code.tex 2023-01-15 v3.1.10 (3.1.10)
\pgflinewidth=\dimen262
) (C:\Users\sandr\AppData\Local\Programs\MiKTeX\tex/generic/pgf/basiclayer\pgfcoretransformations.code.tex
File: pgfcoretransformations.code.tex 2023-01-15 v3.1.10 (3.1.10)
\pgf@pt@x=\dimen263
\pgf@pt@y=\dimen264
\pgf@pt@temp=\dimen265
) (C:\Users\sandr\AppData\Local\Programs\MiKTeX\tex/generic/pgf/basiclayer\pgfcorequick.code.tex
File: pgfcorequick.code.tex 2023-01-15 v3.1.10 (3.1.10)
) (C:\Users\sandr\AppData\Local\Programs\MiKTeX\tex/generic/pgf/basiclayer\pgfcoreobjects.code.tex
File: pgfcoreobjects.code.tex 2023-01-15 v3.1.10 (3.1.10)
) (C:\Users\sandr\AppData\Local\Programs\MiKTeX\tex/generic/pgf/basiclayer\pgfcorepathprocessing.code.tex
File: pgfcorepathprocessing.code.tex 2023-01-15 v3.1.10 (3.1.10)
) (C:\Users\sandr\AppData\Local\Programs\MiKTeX\tex/generic/pgf/basiclayer\pgfcorearrows.code.tex
File: pgfcorearrows.code.tex 2023-01-15 v3.1.10 (3.1.10)
\pgfarrowsep=\dimen266
) (C:\Users\sandr\AppData\Local\Programs\MiKTeX\tex/generic/pgf/basiclayer\pgfcoreshade.code.tex
File: pgfcoreshade.code.tex 2023-01-15 v3.1.10 (3.1.10)
\pgf@max=\dimen267
\pgf@sys@shading@range@num=\count295
\pgf@shadingcount=\count296
) (C:\Users\sandr\AppData\Local\Programs\MiKTeX\tex/generic/pgf/basiclayer\pgfcoreimage.code.tex
File: pgfcoreimage.code.tex 2023-01-15 v3.1.10 (3.1.10)
) (C:\Users\sandr\AppData\Local\Programs\MiKTeX\tex/generic/pgf/basiclayer\pgfcoreexternal.code.tex
File: pgfcoreexternal.code.tex 2023-01-15 v3.1.10 (3.1.10)
\pgfexternal@startupbox=\box60
) (C:\Users\sandr\AppData\Local\Programs\MiKTeX\tex/generic/pgf/basiclayer\pgfcorelayers.code.tex
File: pgfcorelayers.code.tex 2023-01-15 v3.1.10 (3.1.10)
) (C:\Users\sandr\AppData\Local\Programs\MiKTeX\tex/generic/pgf/basiclayer\pgfcoretransparency.code.tex
File: pgfcoretransparency.code.tex 2023-01-15 v3.1.10 (3.1.10)
) (C:\Users\sandr\AppData\Local\Programs\MiKTeX\tex/generic/pgf/basiclayer\pgfcorepatterns.code.tex
File: pgfcorepatterns.code.tex 2023-01-15 v3.1.10 (3.1.10)
) (C:\Users\sandr\AppData\Local\Programs\MiKTeX\tex/generic/pgf/basiclayer\pgfcorerdf.code.tex
File: pgfcorerdf.code.tex 2023-01-15 v3.1.10 (3.1.10)
))) (C:\Users\sandr\AppData\Local\Programs\MiKTeX\tex/generic/pgf/modules\pgfmoduleshapes.code.tex
File: pgfmoduleshapes.code.tex 2023-01-15 v3.1.10 (3.1.10)
\pgfnodeparttextbox=\box61
) (C:\Users\sandr\AppData\Local\Programs\MiKTeX\tex/generic/pgf/modules\pgfmoduleplot.code.tex
File: pgfmoduleplot.code.tex 2023-01-15 v3.1.10 (3.1.10)
) (C:\Users\sandr\AppData\Local\Programs\MiKTeX\tex/latex/pgf/compatibility\pgfcomp-version-0-65.sty
Package: pgfcomp-version-0-65 2023-01-15 v3.1.10 (3.1.10)
\pgf@nodesepstart=\dimen268
\pgf@nodesepend=\dimen269
) (C:\Users\sandr\AppData\Local\Programs\MiKTeX\tex/latex/pgf/compatibility\pgfcomp-version-1-18.sty
Package: pgfcomp-version-1-18 2023-01-15 v3.1.10 (3.1.10)
)) (C:\Users\sandr\AppData\Local\Programs\MiKTeX\tex/latex/pgf/utilities\pgffor.sty (C:\Users\sandr\AppData\Local\Programs\MiKTeX\tex/latex/pgf/utilities\pgfkeys.sty (C:\Users\sandr\AppData\Local\Programs\MiKTeX\tex/generic/pgf/utilities\pgfkeys.code.tex)) (C:\Users\sandr\AppData\Local\Programs\MiKTeX\tex/latex/pgf/math\pgfmath.sty (C:\Users\sandr\AppData\Local\Programs\MiKTeX\tex/generic/pgf/math\pgfmath.code.tex)) (C:\Users\sandr\AppData\Local\Programs\MiKTeX\tex/generic/pgf/utilities\pgffor.code.tex
Package: pgffor 2023-01-15 v3.1.10 (3.1.10)
\pgffor@iter=\dimen270
\pgffor@skip=\dimen271
\pgffor@stack=\toks34
\pgffor@toks=\toks35
)) (C:\Users\sandr\AppData\Local\Programs\MiKTeX\tex/generic/pgf/frontendlayer/tikz\tikz.code.tex
Package: tikz 2023-01-15 v3.1.10 (3.1.10)
 (C:\Users\sandr\AppData\Local\Programs\MiKTeX\tex/generic/pgf/libraries\pgflibraryplothandlers.code.tex
File: pgflibraryplothandlers.code.tex 2023-01-15 v3.1.10 (3.1.10)
\pgf@plot@mark@count=\count297
\pgfplotmarksize=\dimen272
)
\tikz@lastx=\dimen273
\tikz@lasty=\dimen274
\tikz@lastxsaved=\dimen275
\tikz@lastysaved=\dimen276
\tikz@lastmovetox=\dimen277
\tikz@lastmovetoy=\dimen278
\tikzleveldistance=\dimen279
\tikzsiblingdistance=\dimen280
\tikz@figbox=\box62
\tikz@figbox@bg=\box63
\tikz@tempbox=\box64
\tikz@tempbox@bg=\box65
\tikztreelevel=\count298
\tikznumberofchildren=\count299
\tikznumberofcurrentchild=\count300
\tikz@fig@count=\count301
 (C:\Users\sandr\AppData\Local\Programs\MiKTeX\tex/generic/pgf/modules\pgfmodulematrix.code.tex
File: pgfmodulematrix.code.tex 2023-01-15 v3.1.10 (3.1.10)
\pgfmatrixcurrentrow=\count302
\pgfmatrixcurrentcolumn=\count303
\pgf@matrix@numberofcolumns=\count304
)
\tikz@expandcount=\count305
 (C:\Users\sandr\AppData\Local\Programs\MiKTeX\tex/generic/pgf/frontendlayer/tikz/libraries\tikzlibrarytopaths.code.tex
File: tikzlibrarytopaths.code.tex 2023-01-15 v3.1.10 (3.1.10)
))) (C:\Users\sandr\AppData\Local\Programs\MiKTeX\tex/generic/pgfplots\pgfplots.code.tex (C:\Users\sandr\AppData\Local\Programs\MiKTeX\tex/generic/pgfplots\pgfplotscore.code.tex
\t@pgfplots@toka=\toks36
\t@pgfplots@tokb=\toks37
\t@pgfplots@tokc=\toks38
\pgfplots@tmpa=\dimen281
\c@pgfplots@coordindex=\count306
\c@pgfplots@scanlineindex=\count307
 (C:\Users\sandr\AppData\Local\Programs\MiKTeX\tex/generic/pgfplots/sys\pgfplotssysgeneric.code.tex)) (C:\Users\sandr\AppData\Local\Programs\MiKTeX\tex/generic/pgfplots/libs\pgfplotslibrary.code.tex) (C:\Users\sandr\AppData\Local\Programs\MiKTeX\tex/generic/pgfplots/oldpgfcompatib\pgfplotsoldpgfsupp_loader.code.tex (C:\Users\sandr\AppData\Local\Programs\MiKTeX\tex/generic/pgf/libraries\pgflibraryfpu.code.tex)
Package pgfplots: loading complementary utilities for your pgf version...
\t@pgf@toka=\toks39
\t@pgf@tokb=\toks40
\t@pgf@tokc=\toks41
(C:\Users\sandr\AppData\Local\Programs\MiKTeX\tex/generic/pgfplots/oldpgfcompatib\pgfplotsoldpgfsupp_pgfutil-common-lists.tex)) (C:\Users\sandr\AppData\Local\Programs\MiKTeX\tex/generic/pgfplots/util\pgfplotsutil.code.tex (C:\Users\sandr\AppData\Local\Programs\MiKTeX\tex/generic/pgfplots/liststructure\pgfplotsliststructure.code.tex) (C:\Users\sandr\AppData\Local\Programs\MiKTeX\tex/generic/pgfplots/liststructure\pgfplotsliststructureext.code.tex) (C:\Users\sandr\AppData\Local\Programs\MiKTeX\tex/generic/pgfplots/liststructure\pgfplotsarray.code.tex
\c@pgfplotsarray@tmp=\count308
) (C:\Users\sandr\AppData\Local\Programs\MiKTeX\tex/generic/pgfplots/liststructure\pgfplotsmatrix.code.tex) (C:\Users\sandr\AppData\Local\Programs\MiKTeX\tex/generic/pgfplots/numtable\pgfplotstableshared.code.tex
\c@pgfplotstable@counta=\count309
\t@pgfplotstable@a=\toks42
) (C:\Users\sandr\AppData\Local\Programs\MiKTeX\tex/generic/pgfplots/liststructure\pgfplotsdeque.code.tex) (C:\Users\sandr\AppData\Local\Programs\MiKTeX\tex/generic/pgfplots/util\pgfplotsbinary.code.tex (C:\Users\sandr\AppData\Local\Programs\MiKTeX\tex/generic/pgfplots/util\pgfplotsbinary.data.code.tex)) (C:\Users\sandr\AppData\Local\Programs\MiKTeX\tex/generic/pgfplots/util\pgfplotsutil.verb.code.tex) (C:\Users\sandr\AppData\Local\Programs\MiKTeX\tex/generic/pgfplots/libs\pgflibrarypgfplots.surfshading.code.tex
\c@pgfplotslibrarysurf@no=\count310
 (C:\Users\sandr\AppData\Local\Programs\MiKTeX\tex/generic/pgfplots/sys\pgflibrarypgfplots.surfshading.pgfsys-pdftex.def))) (C:\Users\sandr\AppData\Local\Programs\MiKTeX\tex/generic/pgfplots/util\pgfplotscolormap.code.tex (C:\Users\sandr\AppData\Local\Programs\MiKTeX\tex/generic/pgfplots/util\pgfplotscolor.code.tex)) (C:\Users\sandr\AppData\Local\Programs\MiKTeX\tex/generic/pgfplots\pgfplotsstackedplots.code.tex) (C:\Users\sandr\AppData\Local\Programs\MiKTeX\tex/generic/pgfplots\pgfplotsplothandlers.code.tex (C:\Users\sandr\AppData\Local\Programs\MiKTeX\tex/generic/pgfplots\pgfplotsmeshplothandler.code.tex (C:\Users\sandr\AppData\Local\Programs\MiKTeX\tex/generic/pgfplots\pgfplotsmeshplotimage.code.tex))) (C:\Users\sandr\AppData\Local\Programs\MiKTeX\tex/generic/pgfplots\pgfplots.scaling.code.tex) (C:\Users\sandr\AppData\Local\Programs\MiKTeX\tex/generic/pgfplots\pgfplotscoordprocessing.code.tex) (C:\Users\sandr\AppData\Local\Programs\MiKTeX\tex/generic/pgfplots\pgfplots.errorbars.code.tex) (C:\Users\sandr\AppData\Local\Programs\MiKTeX\tex/generic/pgfplots\pgfplots.markers.code.tex) (C:\Users\sandr\AppData\Local\Programs\MiKTeX\tex/generic/pgfplots\pgfplotsticks.code.tex) (C:\Users\sandr\AppData\Local\Programs\MiKTeX\tex/generic/pgfplots\pgfplots.paths.code.tex) (C:\Users\sandr\AppData\Local\Programs\MiKTeX\tex/generic/pgf/frontendlayer/tikz/libraries\tikzlibrarydecorations.code.tex (C:\Users\sandr\AppData\Local\Programs\MiKTeX\tex/generic/pgf/modules\pgfmoduledecorations.code.tex
\pgfdecoratedcompleteddistance=\dimen282
\pgfdecoratedremainingdistance=\dimen283
\pgfdecoratedinputsegmentcompleteddistance=\dimen284
\pgfdecoratedinputsegmentremainingdistance=\dimen285
\pgf@decorate@distancetomove=\dimen286
\pgf@decorate@repeatstate=\count311
\pgfdecorationsegmentamplitude=\dimen287
\pgfdecorationsegmentlength=\dimen288
)
\tikz@lib@dec@box=\box66
) (C:\Users\sandr\AppData\Local\Programs\MiKTeX\tex/generic/pgf/frontendlayer/tikz/libraries\tikzlibrarydecorations.pathmorphing.code.tex (C:\Users\sandr\AppData\Local\Programs\MiKTeX\tex/generic/pgf/libraries/decorations\pgflibrarydecorations.pathmorphing.code.tex)) (C:\Users\sandr\AppData\Local\Programs\MiKTeX\tex/generic/pgf/frontendlayer/tikz/libraries\tikzlibrarydecorations.pathreplacing.code.tex (C:\Users\sandr\AppData\Local\Programs\MiKTeX\tex/generic/pgf/libraries/decorations\pgflibrarydecorations.pathreplacing.code.tex)) (C:\Users\sandr\AppData\Local\Programs\MiKTeX\tex/generic/pgfplots/libs\tikzlibrarypgfplots.contourlua.code.tex)
\pgfplots@numplots=\count312
\pgfplots@xmin@reg=\dimen289
\pgfplots@xmax@reg=\dimen290
\pgfplots@ymin@reg=\dimen291
\pgfplots@ymax@reg=\dimen292
\pgfplots@zmin@reg=\dimen293
\pgfplots@zmax@reg=\dimen294
) (C:\Users\sandr\AppData\Local\Programs\MiKTeX\tex/generic/pgf/frontendlayer/tikz/libraries\tikzlibraryplotmarks.code.tex
File: tikzlibraryplotmarks.code.tex 2023-01-15 v3.1.10 (3.1.10)
 (C:\Users\sandr\AppData\Local\Programs\MiKTeX\tex/generic/pgf/libraries\pgflibraryplotmarks.code.tex
File: pgflibraryplotmarks.code.tex 2023-01-15 v3.1.10 (3.1.10)
))) (C:\Users\sandr\AppData\Local\Programs\MiKTeX\tex/latex/l3backend\l3backend-pdftex.def
File: l3backend-pdftex.def 2024-03-14 L3 backend support: PDF output (pdfTeX)
\l__color_backend_stack_int=\count313
\l__pdf_internal_box=\box67
) (conference_101719.aux

LaTeX Warning: Label `fig:ProTrack' multiply defined.

)
\openout1 = `conference_101719.aux'.

LaTeX Font Info:    Checking defaults for OML/cmm/m/it on input line 14.
LaTeX Font Info:    ... okay on input line 14.
LaTeX Font Info:    Checking defaults for OMS/cmsy/m/n on input line 14.
LaTeX Font Info:    ... okay on input line 14.
LaTeX Font Info:    Checking defaults for OT1/cmr/m/n on input line 14.
LaTeX Font Info:    ... okay on input line 14.
LaTeX Font Info:    Checking defaults for T1/cmr/m/n on input line 14.
LaTeX Font Info:    ... okay on input line 14.
LaTeX Font Info:    Checking defaults for TS1/cmr/m/n on input line 14.
LaTeX Font Info:    ... okay on input line 14.
LaTeX Font Info:    Checking defaults for OMX/cmex/m/n on input line 14.
LaTeX Font Info:    ... okay on input line 14.
LaTeX Font Info:    Checking defaults for U/cmr/m/n on input line 14.
LaTeX Font Info:    ... okay on input line 14.

-- Lines per column: 56 (exact).
(C:\Users\sandr\AppData\Local\Programs\MiKTeX\tex/context/base/mkii\supp-pdf.mkii
[Loading MPS to PDF converter (version 2006.09.02).]
\scratchcounter=\count314
\scratchdimen=\dimen295
\scratchbox=\box68
\nofMPsegments=\count315
\nofMParguments=\count316
\everyMPshowfont=\toks43
\MPscratchCnt=\count317
\MPscratchDim=\dimen296
\MPnumerator=\count318
\makeMPintoPDFobject=\count319
\everyMPtoPDFconversion=\toks44
) (C:\Users\sandr\AppData\Local\Programs\MiKTeX\tex/latex/epstopdf-pkg\epstopdf-base.sty
Package: epstopdf-base 2020-01-24 v2.11 Base part for package epstopdf
Package epstopdf-base Info: Redefining graphics rule for `.eps' on input line 485.
 (C:\Users\sandr\AppData\Local\Programs\MiKTeX\tex/latex/00miktex\epstopdf-sys.cfg
File: epstopdf-sys.cfg 2021/03/18 v2.0 Configuration of epstopdf for MiKTeX
))
Package pgfplots notification 'compat/show suggested version=true': you might benefit from \pgfplotsset{compat=1.18} (current compat level: 1.17).

LaTeX Font Info:    Calculating math sizes for size <11> on input line 38.
LaTeX Font Info:    Trying to load font information for U+msa on input line 38.
(C:\Users\sandr\AppData\Local\Programs\MiKTeX\tex/latex/amsfonts\umsa.fd
File: umsa.fd 2013/01/14 v3.01 AMS symbols A
)
LaTeX Font Info:    Trying to load font information for U+msb on input line 38.
 (C:\Users\sandr\AppData\Local\Programs\MiKTeX\tex/latex/amsfonts\umsb.fd
File: umsb.fd 2013/01/14 v3.01 AMS symbols B
)
Underfull \hbox (badness 10000) in paragraph at lines 55--57

 []


Underfull \hbox (badness 10000) in paragraph at lines 63--65
\OT1/ptm/m/n/10 frame-works sig-nif-i-cantly in-flu-ence the ef-fi-ciency and
 []


Underfull \hbox (badness 3343) in paragraph at lines 63--65
\OT1/ptm/m/n/10 that dif-fer-ent frame-works ex-hibit unique strengths and
 []


Underfull \hbox (badness 2285) in paragraph at lines 63--65
\OT1/ptm/m/n/10 weak-nesses con-cern-ing per-for-mance, main-tain-abil-ity, and
 []


Underfull \hbox (badness 2744) in paragraph at lines 63--65
\OT1/ptm/m/n/10 typ-i-cally in-clude bench-marks, test sce-nar-ios, and other
 []


Underfull \hbox (badness 10000) in paragraph at lines 63--65

 []


Underfull \hbox (badness 3108) in paragraph at lines 66--69
\OT1/ptm/m/n/10 frame-works and serve as a decision-making guide by
 []


Underfull \hbox (badness 1874) in paragraph at lines 66--69
\OT1/ptm/m/n/10 of both tech-nolo-gies. These in-sights as-sist de-vel-op-ment
 []


Underfull \hbox (badness 4967) in paragraph at lines 66--69
\OT1/ptm/m/n/10 teams in mak-ing in-formed de-ci-sions about the most
 []


Underfull \hbox (badness 4279) in paragraph at lines 66--69
\OT1/ptm/m/n/10 to con-tin-u-ously en-hance user ex-pe-ri-ence and im-prove
 []


Underfull \hbox (badness 10000) in paragraph at lines 66--69

 []


Underfull \hbox (badness 10000) in paragraph at lines 70--72

 []


Underfull \hbox (badness 10000) in paragraph at lines 78--79

 []


Underfull \hbox (badness 10000) in paragraph at lines 80--81

 []

[1{C:/Users/sandr/AppData/Local/MiKTeX/fonts/map/pdftex/pdftex.map}{C:/Users/sandr/AppData/Local/Programs/MiKTeX/fonts/enc/dvips/base/8r.enc}


]
Underfull \hbox (badness 10000) in paragraph at lines 82--87

 []


Underfull \hbox (badness 4303) in paragraph at lines 88--94
\OT1/ptm/m/it/10 Dependency Risks: \OT1/ptm/m/n/10 Re-liance on a frame-work and its
 []


Underfull \hbox (badness 10000) in paragraph at lines 88--94

 []


Underfull \hbox (badness 1675) in paragraph at lines 96--100
\OT1/ptm/m/n/10 suited for work in web browsers. Orig-i-nally de-vel-oped
 []


Underfull \hbox (badness 1642) in paragraph at lines 96--100
\OT1/ptm/m/n/10 JavaScript frame-works es-pe-cially suit-able for de-vel-op-ing
 []


Underfull \hbox (badness 5533) in paragraph at lines 96--100
\OT1/ptm/m/n/10 com-plex web ap-pli-ca-tions. These frame-works of-fer a
 []


Underfull \hbox (badness 5817) in paragraph at lines 96--100
\OT1/ptm/m/n/10 in-ter-face for web doc-u-ments. It rep-re-sents the page
 []


Underfull \hbox (badness 3536) in paragraph at lines 96--100
\OT1/ptm/m/n/10 so that pro-grams can change the doc-u-ment struc-ture,
 []


Underfull \hbox (badness 3590) in paragraph at lines 96--100
\OT1/ptm/m/n/10 style, and con-tent. The DOM is cru-cial for cre-at-ing
 []


Underfull \hbox (badness 10000) in paragraph at lines 96--100

 []


Underfull \hbox (badness 2027) in paragraph at lines 102--104
 \OT1/ptm/m/it/10 1) Ben-e-fits of Dy-namic Web Con-tent: [][] \OT1/ptm/m/n/10 Per-son-al-iza-tion
 []


Underfull \hbox (badness 10000) in paragraph at lines 102--104

 []


Underfull \hbox (badness 10000) in paragraph at lines 110--112

 []


Underfull \hbox (badness 10000) in paragraph at lines 114--116

 []


Underfull \hbox (badness 1552) in paragraph at lines 124--126
\OT1/ptm/m/n/10 re-spon-sive-ness, and re-source uti-liza-tion, frame-works like
 []


Underfull \hbox (badness 10000) in paragraph at lines 124--126

 []

[2]
Underfull \hbox (badness 10000) in paragraph at lines 127--128
 \OT1/ptm/m/it/10 1) Per-for-mance: [][] \OT1/ptm/m/n/10 Per-for-mance met-rics are mea-sured
 []


Underfull \hbox (badness 10000) in paragraph at lines 127--128

 []


Underfull \hbox (badness 3780) in paragraph at lines 129--131
\OT1/ptm/m/n/10 as out-lined in the of-fi-cial An-gu-lar doc-u-men-ta-tion. In
 []


Underfull \hbox (badness 10000) in paragraph at lines 129--131

 []


Underfull \hbox (badness 2126) in paragraph at lines 132--138
\OT1/ptm/m/n/10 to their find-ings, pre-sented in the graph be-low, Re-act
 []


Underfull \hbox (badness 10000) in paragraph at lines 132--138

 []

<image.png, id=15, 361.8318pt x 217.7736pt>
File: image.png Graphic file (type png)
<use image.png>
Package pdftex.def Info: image.png  used on input line 141.
(pdftex.def)             Requested size: 232.19843pt x 139.7501pt.

Underfull \hbox (badness 5203) in paragraph at lines 183--191
 \OT1/ptm/m/it/10 1) An-gu-lar: [][] \OT1/ptm/m/n/10 An-gu-lar is a plat-form and frame-work
 []


Underfull \hbox (badness 3954) in paragraph at lines 183--191
\OT1/ptm/m/n/10 a com-pre-hen-sive so-lu-tion for com-plex and large-scale
 []


Underfull \hbox (badness 10000) in paragraph at lines 183--191

 []


Underfull \hbox (badness 10000) in paragraph at lines 183--191
\OT1/ptm/m/it/10 Two-way data bind-ing: \OT1/ptm/m/n/10 An-gu-lar fa-cil-i-tates au-to-matic
 []


Underfull \hbox (badness 7203) in paragraph at lines 183--191
\OT1/ptm/m/it/10 Dependency In-jec-tion: \OT1/ptm/m/n/10 An-gu-lar's DI sys-tem pro-motes
 []


Underfull \hbox (badness 4927) in paragraph at lines 183--191
\OT1/ptm/m/it/10 TypeScript sup-port: \OT1/ptm/m/n/10 An-gu-lar is built with Type-Script,
 []


Underfull \hbox (badness 3078) in paragraph at lines 183--191
\OT1/ptm/m/n/10 pro-vid-ing type safety, en-hanced tool-ing, and im-proved
 []


Underfull \hbox (badness 10000) in paragraph at lines 183--191

 []


Underfull \hbox (badness 3849) in paragraph at lines 193--202
 \OT1/ptm/m/it/10 2) Vue: [][] \OT1/ptm/m/n/10 Vue is a pro-gres-sive JavaScript frame-work
 []


Underfull \hbox (badness 1810) in paragraph at lines 193--202
\OT1/ptm/m/n/10 com-mit to the en-tire frame-work up-front. This mod-u-lar
 []


Underfull \hbox (badness 10000) in paragraph at lines 193--202

 []


Underfull \hbox (badness 10000) in paragraph at lines 193--202

 []


Underfull \hbox (badness 10000) in paragraph at lines 213--215

 []


Underfull \hbox (badness 2961) in paragraph at lines 217--221
\OT1/ptm/m/n/10 de-sign. Vue's re-ac-tiv-ity sys-tem en-sures only nec-es-sary
 []


Underfull \hbox (badness 6978) in paragraph at lines 217--221
\OT1/ptm/m/n/10 suit-able for enterprise-level ap-pli-ca-tions through AOT
 []


Underfull \hbox (badness 10000) in paragraph at lines 217--221

 []

[3 <./image.png>]
Underfull \hbox (badness 6575) in paragraph at lines 222--226
\OT1/ptm/m/n/10 fea-tur-ing a sim-ple syn-tax and flex-i-ble struc-ture. Its
 []


Underfull \hbox (badness 1769) in paragraph at lines 222--226
\OT1/ptm/m/n/10 com-pre-hen-sive doc-u-men-ta-tion and single-file com-po-nents
 []


Underfull \hbox (badness 10000) in paragraph at lines 222--226

 []


Underfull \hbox (badness 1888) in paragraph at lines 222--226
\OT1/ptm/m/it/10 Angular: \OT1/ptm/m/n/10 An-gu-lar has a steeper learn-ing curve due to
 []


Underfull \hbox (badness 1681) in paragraph at lines 222--226
\OT1/ptm/m/it/10 In com-par-i-son: \OT1/ptm/m/n/10 Vue.js is gen-er-ally more ac-ces-si-ble for
 []


Underfull \hbox (badness 10000) in paragraph at lines 222--226

 []


Underfull \hbox (badness 3724) in paragraph at lines 227--231
\OT1/ptm/m/it/10 In com-par-i-son: \OT1/ptm/m/n/10 An-gu-lar ben-e-fits from a larger, more
 []


Underfull \hbox (badness 4242) in paragraph at lines 227--231
\OT1/ptm/m/n/10 es-tab-lished com-mu-nity and cor-po-rate back-ing, of-fer-ing
 []


Underfull \hbox (badness 10000) in paragraph at lines 227--231

 []


Underfull \hbox (badness 2418) in paragraph at lines 232--237
\OT1/ptm/m/n/10 de-vel-op-ment ex-pe-ri-ence with-out the need for ex-ten-sive
 []


Underfull \hbox (badness 10000) in paragraph at lines 232--237

 []


Underfull \hbox (badness 10000) in paragraph at lines 277--278

 []


Underfull \hbox (badness 1472) in paragraph at lines 279--281
 \OT1/ptm/m/it/10 1) Ob-jec-tive: [][] \OT1/ptm/m/n/10 The ob-jec-tive of this case study is to
 []


Underfull \hbox (badness 4001) in paragraph at lines 279--281
\OT1/ptm/m/n/10 com-pare An-gu-lar and Vue in the con-text of project
 []


Underfull \hbox (badness 10000) in paragraph at lines 279--281

 []


Underfull \hbox (badness 10000) in paragraph at lines 283--286

 []

<newProject.png, id=20, 515.526pt x 395.076pt>
File: newProject.png Graphic file (type png)
<use newProject.png>
Package pdftex.def Info: newProject.png  used on input line 293.
(pdftex.def)             Requested size: 232.19843pt x 177.94531pt.

LaTeX Warning: `!h' float specifier changed to `!ht'.

[4]
<StartTimeRecording.png, id=25, 338.4645pt x 230.0595pt>
File: StartTimeRecording.png Graphic file (type png)
<use StartTimeRecording.png>
Package pdftex.def Info: StartTimeRecording.png  used on input line 304.
(pdftex.def)             Requested size: 232.19843pt x 157.83202pt.

Underfull \hbox (badness 10000) in paragraph at lines 326--328

 []

[5 <./newProject.png> <./StartTimeRecording.png>]
Underfull \hbox (badness 10000) in paragraph at lines 346--348

 []


Underfull \hbox (badness 10000) in paragraph at lines 348--349

 []


Underfull \hbox (badness 10000) in paragraph at lines 349--350

 []


Underfull \hbox (badness 2828) in paragraph at lines 353--355
\OT1/ptm/m/n/10 ef-fi-ciency and per-for-mance. This could pro-vide deeper
 []


Underfull \hbox (badness 10000) in paragraph at lines 353--355

 []


Underfull \hbox (badness 1789) in paragraph at lines 355--356
\OT1/ptm/m/n/10 up-dates to An-gu-lar and Vue im-pact their per-for-mance,
 []


Underfull \hbox (badness 1371) in paragraph at lines 355--356
\OT1/ptm/m/n/10 par-tic-u-larly in terms of load times, re-spon-sive-ness, and
 []


Underfull \hbox (badness 10000) in paragraph at lines 355--356

 []


Underfull \hbox (badness 1701) in paragraph at lines 356--357
\OT1/ptm/m/n/10 emerge, un-der-stand-ing how they in-te-grate with An-gu-lar
 []


Underfull \hbox (badness 10000) in paragraph at lines 356--357

 []


Underfull \hbox (badness 1527) in paragraph at lines 357--358
\OT1/ptm/m/n/10 frame-work in real-world sce-nar-ios. De-tailed anal-y-ses of
 []


Underfull \hbox (badness 10000) in paragraph at lines 357--358

 []

[6]
Underfull \hbox (badness 10000) in paragraph at lines 364--365
[]\OT1/ptm/m/n/8 Ionos, ``Webframe-works { []Uberblick und Klas-si-
 []


Underfull \hbox (badness 10000) in paragraph at lines 364--365
\OT1/ptm/m/n/8 fizierung,'' https://www.ionos.de/digitalguide/websites/web-
 []


Underfull \hbox (badness 2035) in paragraph at lines 365--366
[]\OT1/ptm/m/n/8 Ionos,``Die be-liebtesten JavaScript-Frameworks und -Bibliotheken,''
 []


Underfull \hbox (badness 10000) in paragraph at lines 365--366
\OT1/ptm/m/n/8 https://www.ionos.at/digitalguide/websites/web-entwicklung/beliebte-
 []


Underfull \hbox (badness 10000) in paragraph at lines 366--367
[]\OT1/ptm/m/n/8 Vue.js, ``Einf[]uhrung,'' https://vuejs.org/guide/introduction.html,
 []


Underfull \hbox (badness 10000) in paragraph at lines 367--368
[]\OT1/ptm/m/n/8 Kinsta, ``An-gu-lar vs. Vue: Ein Kopf-an-Kopf-Vergleich,''
 []


Underfull \hbox (badness 10000) in paragraph at lines 367--368
\OT1/ptm/m/n/8 https://kinsta.com/de/blog/angular-vs-vue/#angular-vs-vue-hnlichkeiten-
 []


Underfull \hbox (badness 10000) in paragraph at lines 368--369
[]\OT1/ptm/m/n/8 MDN Web Docs, ``In-tro-duc-tion to the
 []


Underfull \hbox (badness 10000) in paragraph at lines 368--369
\OT1/ptm/m/n/8 DOM,'' https://developer.mozilla.org/en-
 []


Underfull \hbox (badness 10000) in paragraph at lines 369--370
[]\OT1/ptm/m/n/8 Mozilla De-vel-oper Net-work, ``JavaScript Guide,''
 []


Underfull \hbox (badness 10000) in paragraph at lines 369--370
\OT1/ptm/m/n/8 https://developer.mozilla.org/en-US/docs/Web/JavaScript/Guide,
 []


Underfull \hbox (badness 1577) in paragraph at lines 370--371
[]\OT1/ptm/m/n/8 MoldStud, ``Cre-at-ing Dy-namic Web Con-tent with JavaScript and
 []


Underfull \hbox (badness 1803) in paragraph at lines 373--374
[]\OT1/ptm/m/n/8 United Na-tions Con-fer-ence on Trade and De-vel-op-ment, ``Dig-i-tal
 []


** Conference Paper **
Before submitting the final camera ready copy, remember to:

 1. Manually equalize the lengths of two columns on the last page
 of your paper;

 2. Ensure that any PostScript and/or PDF output post-processing
 uses only Type 1 fonts and that every step in the generation
 process uses the appropriate paper size.

[7

] (conference_101719.aux)
 ***********
LaTeX2e <2023-11-01> patch level 1
L3 programming layer <2024-03-14>
 ***********


LaTeX Warning: There were multiply-defined labels.

 ) 
Here is how much of TeX's memory you used:
 24120 strings out of 474424
 627380 string characters out of 5741740
 1943496 words of memory out of 5000000
 46098 multiletter control sequences out of 15000+600000
 592768 words of font info for 101 fonts, out of 8000000 for 9000
 1141 hyphenation exceptions out of 8191
 99i,11n,101p,948b,609s stack positions out of 10000i,1000n,20000p,200000b,200000s
<C:/Users/sandr/AppData/Local/Programs/MiKTeX/fonts/type1/urw/times/utmb8a.pfb><C:/Users/sandr/AppData/Local/Programs/MiKTeX/fonts/type1/urw/times/utmbi8a.pfb><C:/Users/sandr/AppData/Local/Programs/MiKTeX/fonts/type1/urw/times/utmr8a.pfb><C:/Users/sandr/AppData/Local/Programs/MiKTeX/fonts/type1/urw/times/utmri8a.pfb>
Output written on conference_101719.pdf (7 pages, 141637 bytes).
PDF statistics:
 57 PDF objects out of 1000 (max. 8388607)
 0 named destinations out of 1000 (max. 500000)
 28 words of extra memory for PDF output out of 10000 (max. 10000000)

